<?xml version="1.0" encoding="UTF-8"?>
<coverage generated="1763540810695" clover="3.2.0">
  <project timestamp="1763540810695" name="All files">
    <metrics statements="97" coveredstatements="62" conditionals="26" coveredconditionals="16" methods="12" coveredmethods="8" elements="135" coveredelements="86" complexity="0" loc="97" ncloc="97" packages="1" files="1" classes="1"/>
    <file name="logic.js" path="C:\Users\5695xn\jt\SWE_Programme\individual1\2d-game\back-end\logic.js">
      <metrics statements="97" coveredstatements="62" conditionals="26" coveredconditionals="16" methods="12" coveredmethods="8"/>
      <line num="1" count="1" type="stmt"/>
      <line num="2" count="1" type="stmt"/>
      <line num="3" count="1" type="stmt"/>
      <line num="10" count="1207" type="stmt"/>
      <line num="11" count="5789" type="stmt"/>
      <line num="12" count="48405" type="cond" truecount="2" falsecount="0"/>
      <line num="13" count="1204" type="stmt"/>
      <line num="18" count="3" type="stmt"/>
      <line num="23" count="1205" type="stmt"/>
      <line num="24" count="9712" type="stmt"/>
      <line num="25" count="9712" type="stmt"/>
      <line num="32" count="9814" type="stmt"/>
      <line num="33" count="56776" type="cond" truecount="2" falsecount="0"/>
      <line num="34" count="6537" type="stmt"/>
      <line num="39" count="3277" type="stmt"/>
      <line num="40" count="20300" type="cond" truecount="2" falsecount="0"/>
      <line num="41" count="1630" type="stmt"/>
      <line num="44" count="1647" type="stmt"/>
      <line num="45" count="1647" type="stmt"/>
      <line num="47" count="1647" type="stmt"/>
      <line num="48" count="4420" type="stmt"/>
      <line num="49" count="12747" type="cond" truecount="2" falsecount="0"/>
      <line num="50" count="442" type="stmt"/>
      <line num="54" count="1205" type="stmt"/>
      <line num="59" count="1207" type="stmt"/>
      <line num="60" count="1207" type="cond" truecount="2" falsecount="0"/>
      <line num="61" count="3" type="stmt"/>
      <line num="63" count="1204" type="stmt"/>
      <line num="64" count="1204" type="stmt"/>
      <line num="65" count="1204" type="stmt"/>
      <line num="66" count="1204" type="stmt"/>
      <line num="67" count="9812" type="cond" truecount="2" falsecount="0"/>
      <line num="68" count="1204" type="stmt"/>
      <line num="69" count="1204" type="cond" truecount="2" falsecount="0"/>
      <line num="70" count="213" type="stmt"/>
      <line num="72" count="991" type="stmt"/>
      <line num="75" count="991" type="stmt"/>
      <line num="80" count="2" type="stmt"/>
      <line num="83" count="2" type="stmt"/>
      <line num="84" count="18" type="stmt"/>
      <line num="85" count="18" type="stmt"/>
      <line num="86" count="162" type="stmt"/>
      <line num="88" count="18" type="stmt"/>
      <line num="90" count="2" type="stmt"/>
      <line num="91" count="2" type="stmt"/>
      <line num="96" count="12" type="stmt"/>
      <line num="101" count="1" type="stmt"/>
      <line num="102" count="1" type="stmt"/>
      <line num="103" count="1" type="stmt"/>
      <line num="104" count="9" type="stmt"/>
      <line num="105" count="81" type="stmt"/>
      <line num="108" count="1" type="stmt"/>
      <line num="109" count="1" type="stmt"/>
      <line num="110" count="1" type="stmt"/>
      <line num="111" count="1" type="stmt"/>
      <line num="112" count="41" type="cond" truecount="2" falsecount="0"/>
      <line num="113" count="1" type="stmt"/>
      <line num="115" count="40" type="stmt"/>
      <line num="116" count="40" type="stmt"/>
      <line num="117" count="40" type="stmt"/>
      <line num="119" count="1" type="stmt"/>
      <line num="124" count="0" type="stmt"/>
      <line num="125" count="0" type="stmt"/>
      <line num="126" count="0" type="stmt"/>
      <line num="127" count="0" type="stmt"/>
      <line num="129" count="0" type="stmt"/>
      <line num="130" count="0" type="stmt"/>
      <line num="131" count="0" type="stmt"/>
      <line num="132" count="0" type="stmt"/>
      <line num="134" count="0" type="cond" truecount="0" falsecount="2"/>
      <line num="135" count="0" type="stmt"/>
      <line num="136" count="0" type="stmt"/>
      <line num="137" count="0" type="stmt"/>
      <line num="139" count="0" type="stmt"/>
      <line num="147" count="0" type="stmt"/>
      <line num="148" count="0" type="stmt"/>
      <line num="149" count="0" type="stmt"/>
      <line num="150" count="0" type="stmt"/>
      <line num="151" count="0" type="cond" truecount="0" falsecount="2"/>
      <line num="154" count="0" type="stmt"/>
      <line num="159" count="0" type="stmt"/>
      <line num="160" count="0" type="stmt"/>
      <line num="162" count="0" type="stmt"/>
      <line num="163" count="0" type="stmt"/>
      <line num="165" count="0" type="stmt"/>
      <line num="166" count="0" type="stmt"/>
      <line num="167" count="0" type="stmt"/>
      <line num="168" count="0" type="cond" truecount="0" falsecount="2"/>
      <line num="169" count="0" type="stmt"/>
      <line num="171" count="0" type="cond" truecount="0" falsecount="2"/>
      <line num="172" count="0" type="stmt"/>
      <line num="173" count="0" type="stmt"/>
      <line num="177" count="0" type="cond" truecount="0" falsecount="2"/>
      <line num="178" count="0" type="stmt"/>
      <line num="179" count="0" type="stmt"/>
      <line num="181" count="0" type="stmt"/>
      <line num="185" count="1" type="stmt"/>
    </file>
  </project>
</coverage>
