{"C:\\Users\\5695xn\\jt\\SWE_Programme\\individual1\\2d-game\\back-end\\logic.js": {"path":"C:\\Users\\5695xn\\jt\\SWE_Programme\\individual1\\2d-game\\back-end\\logic.js","statementMap":{"0":{"start":{"line":1,"column":18},"end":{"line":1,"column":19}},"1":{"start":{"line":2,"column":15},"end":{"line":2,"column":19}},"2":{"start":{"line":3,"column":14},"end":{"line":3,"column":15}},"3":{"start":{"line":10,"column":4},"end":{"line":17,"column":5}},"4":{"start":{"line":10,"column":16},"end":{"line":10,"column":17}},"5":{"start":{"line":11,"column":8},"end":{"line":16,"column":9}},"6":{"start":{"line":11,"column":20},"end":{"line":11,"column":21}},"7":{"start":{"line":12,"column":12},"end":{"line":14,"column":13}},"8":{"start":{"line":13,"column":16},"end":{"line":13,"column":34}},"9":{"start":{"line":18,"column":4},"end":{"line":18,"column":16}},"10":{"start":{"line":23,"column":4},"end":{"line":26,"column":5}},"11":{"start":{"line":23,"column":14},"end":{"line":23,"column":27}},"12":{"start":{"line":24,"column":16},"end":{"line":24,"column":47}},"13":{"start":{"line":25,"column":8},"end":{"line":25,"column":44}},"14":{"start":{"line":32,"column":4},"end":{"line":36,"column":5}},"15":{"start":{"line":32,"column":14},"end":{"line":32,"column":15}},"16":{"start":{"line":33,"column":8},"end":{"line":35,"column":9}},"17":{"start":{"line":34,"column":12},"end":{"line":34,"column":25}},"18":{"start":{"line":39,"column":4},"end":{"line":43,"column":5}},"19":{"start":{"line":39,"column":14},"end":{"line":39,"column":15}},"20":{"start":{"line":40,"column":8},"end":{"line":42,"column":9}},"21":{"start":{"line":41,"column":12},"end":{"line":41,"column":25}},"22":{"start":{"line":44,"column":15},"end":{"line":44,"column":34}},"23":{"start":{"line":45,"column":15},"end":{"line":45,"column":34}},"24":{"start":{"line":47,"column":4},"end":{"line":53,"column":5}},"25":{"start":{"line":47,"column":14},"end":{"line":47,"column":16}},"26":{"start":{"line":48,"column":8},"end":{"line":52,"column":9}},"27":{"start":{"line":48,"column":18},"end":{"line":48,"column":20}},"28":{"start":{"line":49,"column":12},"end":{"line":51,"column":13}},"29":{"start":{"line":50,"column":16},"end":{"line":50,"column":29}},"30":{"start":{"line":54,"column":4},"end":{"line":54,"column":16}},"31":{"start":{"line":59,"column":16},"end":{"line":59,"column":36}},"32":{"start":{"line":60,"column":4},"end":{"line":62,"column":5}},"33":{"start":{"line":61,"column":8},"end":{"line":61,"column":20}},"34":{"start":{"line":63,"column":23},"end":{"line":63,"column":26}},"35":{"start":{"line":64,"column":17},"end":{"line":64,"column":44}},"36":{"start":{"line":65,"column":4},"end":{"line":65,"column":18}},"37":{"start":{"line":66,"column":4},"end":{"line":74,"column":5}},"38":{"start":{"line":67,"column":8},"end":{"line":73,"column":9}},"39":{"start":{"line":68,"column":12},"end":{"line":68,"column":32}},"40":{"start":{"line":69,"column":12},"end":{"line":71,"column":13}},"41":{"start":{"line":70,"column":16},"end":{"line":70,"column":28}},"42":{"start":{"line":72,"column":12},"end":{"line":72,"column":32}},"43":{"start":{"line":75,"column":4},"end":{"line":75,"column":17}},"44":{"start":{"line":80,"column":18},"end":{"line":80,"column":20}},"45":{"start":{"line":83,"column":4},"end":{"line":89,"column":5}},"46":{"start":{"line":83,"column":17},"end":{"line":83,"column":18}},"47":{"start":{"line":84,"column":20},"end":{"line":84,"column":22}},"48":{"start":{"line":85,"column":8},"end":{"line":87,"column":9}},"49":{"start":{"line":85,"column":21},"end":{"line":85,"column":22}},"50":{"start":{"line":86,"column":12},"end":{"line":86,"column":24}},"51":{"start":{"line":88,"column":8},"end":{"line":88,"column":24}},"52":{"start":{"line":90,"column":4},"end":{"line":90,"column":22}},"53":{"start":{"line":91,"column":4},"end":{"line":91,"column":17}},"54":{"start":{"line":96,"column":4},"end":{"line":96,"column":31}},"55":{"start":{"line":96,"column":20},"end":{"line":96,"column":29}},"56":{"start":{"line":101,"column":16},"end":{"line":101,"column":32}},"57":{"start":{"line":102,"column":18},"end":{"line":102,"column":20}},"58":{"start":{"line":103,"column":4},"end":{"line":107,"column":5}},"59":{"start":{"line":103,"column":16},"end":{"line":103,"column":17}},"60":{"start":{"line":104,"column":8},"end":{"line":106,"column":9}},"61":{"start":{"line":104,"column":20},"end":{"line":104,"column":21}},"62":{"start":{"line":105,"column":12},"end":{"line":105,"column":35}},"63":{"start":{"line":108,"column":4},"end":{"line":108,"column":19}},"64":{"start":{"line":109,"column":18},"end":{"line":109,"column":19}},"65":{"start":{"line":110,"column":27},"end":{"line":110,"column":38}},"66":{"start":{"line":111,"column":4},"end":{"line":118,"column":5}},"67":{"start":{"line":112,"column":8},"end":{"line":114,"column":9}},"68":{"start":{"line":113,"column":12},"end":{"line":113,"column":18}},"69":{"start":{"line":115,"column":23},"end":{"line":115,"column":36}},"70":{"start":{"line":116,"column":8},"end":{"line":116,"column":26}},"71":{"start":{"line":117,"column":8},"end":{"line":117,"column":18}},"72":{"start":{"line":119,"column":4},"end":{"line":119,"column":15}},"73":{"start":{"line":124,"column":4},"end":{"line":142,"column":5}},"74":{"start":{"line":124,"column":16},"end":{"line":124,"column":17}},"75":{"start":{"line":125,"column":8},"end":{"line":141,"column":9}},"76":{"start":{"line":125,"column":20},"end":{"line":125,"column":21}},"77":{"start":{"line":126,"column":25},"end":{"line":126,"column":53}},"78":{"start":{"line":127,"column":24},"end":{"line":127,"column":39}},"79":{"start":{"line":129,"column":12},"end":{"line":129,"column":43}},"80":{"start":{"line":130,"column":12},"end":{"line":130,"column":42}},"81":{"start":{"line":131,"column":12},"end":{"line":131,"column":45}},"82":{"start":{"line":132,"column":12},"end":{"line":132,"column":28}},"83":{"start":{"line":134,"column":12},"end":{"line":140,"column":13}},"84":{"start":{"line":135,"column":16},"end":{"line":135,"column":41}},"85":{"start":{"line":136,"column":16},"end":{"line":136,"column":44}},"86":{"start":{"line":137,"column":16},"end":{"line":137,"column":37}},"87":{"start":{"line":139,"column":16},"end":{"line":139,"column":38}},"88":{"start":{"line":147,"column":14},"end":{"line":147,"column":57}},"89":{"start":{"line":147,"column":40},"end":{"line":147,"column":56}},"90":{"start":{"line":148,"column":4},"end":{"line":153,"column":5}},"91":{"start":{"line":148,"column":16},"end":{"line":148,"column":17}},"92":{"start":{"line":149,"column":8},"end":{"line":152,"column":9}},"93":{"start":{"line":149,"column":20},"end":{"line":149,"column":21}},"94":{"start":{"line":150,"column":22},"end":{"line":150,"column":56}},"95":{"start":{"line":151,"column":12},"end":{"line":151,"column":46}},"96":{"start":{"line":154,"column":4},"end":{"line":154,"column":13}},"97":{"start":{"line":159,"column":17},"end":{"line":159,"column":34}},"98":{"start":{"line":160,"column":16},"end":{"line":160,"column":20}},"99":{"start":{"line":162,"column":4},"end":{"line":164,"column":5}},"100":{"start":{"line":163,"column":8},"end":{"line":163,"column":41}},"101":{"start":{"line":165,"column":4},"end":{"line":176,"column":5}},"102":{"start":{"line":165,"column":16},"end":{"line":165,"column":17}},"103":{"start":{"line":166,"column":8},"end":{"line":175,"column":9}},"104":{"start":{"line":166,"column":20},"end":{"line":166,"column":21}},"105":{"start":{"line":167,"column":24},"end":{"line":167,"column":38}},"106":{"start":{"line":168,"column":12},"end":{"line":170,"column":13}},"107":{"start":{"line":169,"column":16},"end":{"line":169,"column":28}},"108":{"start":{"line":169,"column":29},"end":{"line":169,"column":38}},"109":{"start":{"line":171,"column":12},"end":{"line":174,"column":13}},"110":{"start":{"line":172,"column":16},"end":{"line":172,"column":28}},"111":{"start":{"line":173,"column":16},"end":{"line":173,"column":70}},"112":{"start":{"line":177,"column":4},"end":{"line":182,"column":5}},"113":{"start":{"line":178,"column":8},"end":{"line":178,"column":20}},"114":{"start":{"line":179,"column":8},"end":{"line":179,"column":88}},"115":{"start":{"line":181,"column":8},"end":{"line":181,"column":53}},"116":{"start":{"line":185,"column":0},"end":{"line":195,"column":2}}},"fnMap":{"0":{"name":"findEmptyCell","decl":{"start":{"line":9,"column":9},"end":{"line":9,"column":22}},"loc":{"start":{"line":9,"column":29},"end":{"line":19,"column":1}},"line":9},"1":{"name":"shuffle","decl":{"start":{"line":22,"column":9},"end":{"line":22,"column":16}},"loc":{"start":{"line":22,"column":22},"end":{"line":27,"column":1}},"line":22},"2":{"name":"isSafe","decl":{"start":{"line":30,"column":9},"end":{"line":30,"column":15}},"loc":{"start":{"line":30,"column":37},"end":{"line":55,"column":1}},"line":30},"3":{"name":"solveBoard","decl":{"start":{"line":58,"column":9},"end":{"line":58,"column":19}},"loc":{"start":{"line":58,"column":26},"end":{"line":76,"column":1}},"line":58},"4":{"name":"generateBoardWithSolution","decl":{"start":{"line":79,"column":9},"end":{"line":79,"column":34}},"loc":{"start":{"line":79,"column":36},"end":{"line":92,"column":1}},"line":79},"5":{"name":"copyBoard","decl":{"start":{"line":95,"column":9},"end":{"line":95,"column":18}},"loc":{"start":{"line":95,"column":21},"end":{"line":97,"column":1}},"line":95},"6":{"name":"(anonymous_6)","decl":{"start":{"line":96,"column":17},"end":{"line":96,"column":18}},"loc":{"start":{"line":96,"column":20},"end":{"line":96,"column":29}},"line":96},"7":{"name":"createPuzzle","decl":{"start":{"line":100,"column":9},"end":{"line":100,"column":21}},"loc":{"start":{"line":100,"column":41},"end":{"line":120,"column":1}},"line":100},"8":{"name":"populatePuzzle","decl":{"start":{"line":123,"column":9},"end":{"line":123,"column":23}},"loc":{"start":{"line":123,"column":30},"end":{"line":143,"column":1}},"line":123},"9":{"name":"getCurrentBoard","decl":{"start":{"line":146,"column":9},"end":{"line":146,"column":24}},"loc":{"start":{"line":146,"column":26},"end":{"line":155,"column":1}},"line":146},"10":{"name":"(anonymous_10)","decl":{"start":{"line":147,"column":36},"end":{"line":147,"column":37}},"loc":{"start":{"line":147,"column":40},"end":{"line":147,"column":56}},"line":147},"11":{"name":"checkPuzzle","decl":{"start":{"line":158,"column":9},"end":{"line":158,"column":20}},"loc":{"start":{"line":158,"column":22},"end":{"line":183,"column":1}},"line":158}},"branchMap":{"0":{"loc":{"start":{"line":12,"column":12},"end":{"line":14,"column":13}},"type":"if","locations":[{"start":{"line":12,"column":12},"end":{"line":14,"column":13}},{"start":{},"end":{}}],"line":12},"1":{"loc":{"start":{"line":33,"column":8},"end":{"line":35,"column":9}},"type":"if","locations":[{"start":{"line":33,"column":8},"end":{"line":35,"column":9}},{"start":{},"end":{}}],"line":33},"2":{"loc":{"start":{"line":40,"column":8},"end":{"line":42,"column":9}},"type":"if","locations":[{"start":{"line":40,"column":8},"end":{"line":42,"column":9}},{"start":{},"end":{}}],"line":40},"3":{"loc":{"start":{"line":49,"column":12},"end":{"line":51,"column":13}},"type":"if","locations":[{"start":{"line":49,"column":12},"end":{"line":51,"column":13}},{"start":{},"end":{}}],"line":49},"4":{"loc":{"start":{"line":60,"column":4},"end":{"line":62,"column":5}},"type":"if","locations":[{"start":{"line":60,"column":4},"end":{"line":62,"column":5}},{"start":{},"end":{}}],"line":60},"5":{"loc":{"start":{"line":67,"column":8},"end":{"line":73,"column":9}},"type":"if","locations":[{"start":{"line":67,"column":8},"end":{"line":73,"column":9}},{"start":{},"end":{}}],"line":67},"6":{"loc":{"start":{"line":69,"column":12},"end":{"line":71,"column":13}},"type":"if","locations":[{"start":{"line":69,"column":12},"end":{"line":71,"column":13}},{"start":{},"end":{}}],"line":69},"7":{"loc":{"start":{"line":112,"column":8},"end":{"line":114,"column":9}},"type":"if","locations":[{"start":{"line":112,"column":8},"end":{"line":114,"column":9}},{"start":{},"end":{}}],"line":112},"8":{"loc":{"start":{"line":134,"column":12},"end":{"line":140,"column":13}},"type":"if","locations":[{"start":{"line":134,"column":12},"end":{"line":140,"column":13}},{"start":{"line":138,"column":17},"end":{"line":140,"column":13}}],"line":134},"9":{"loc":{"start":{"line":151,"column":26},"end":{"line":151,"column":45}},"type":"cond-expr","locations":[{"start":{"line":151,"column":29},"end":{"line":151,"column":43}},{"start":{"line":151,"column":44},"end":{"line":151,"column":45}}],"line":151},"10":{"loc":{"start":{"line":168,"column":12},"end":{"line":170,"column":13}},"type":"if","locations":[{"start":{"line":168,"column":12},"end":{"line":170,"column":13}},{"start":{},"end":{}}],"line":168},"11":{"loc":{"start":{"line":171,"column":12},"end":{"line":174,"column":13}},"type":"if","locations":[{"start":{"line":171,"column":12},"end":{"line":174,"column":13}},{"start":{},"end":{}}],"line":171},"12":{"loc":{"start":{"line":177,"column":4},"end":{"line":182,"column":5}},"type":"if","locations":[{"start":{"line":177,"column":4},"end":{"line":182,"column":5}},{"start":{"line":180,"column":11},"end":{"line":182,"column":5}}],"line":177}},"s":{"0":1,"1":1,"2":1,"3":1207,"4":1207,"5":5789,"6":5789,"7":48405,"8":1204,"9":3,"10":1205,"11":1205,"12":9712,"13":9712,"14":9814,"15":9814,"16":56776,"17":6537,"18":3277,"19":3277,"20":20300,"21":1630,"22":1647,"23":1647,"24":1647,"25":1647,"26":4420,"27":4420,"28":12747,"29":442,"30":1205,"31":1207,"32":1207,"33":3,"34":1204,"35":1204,"36":1204,"37":1204,"38":9812,"39":1204,"40":1204,"41":213,"42":991,"43":991,"44":2,"45":2,"46":2,"47":18,"48":18,"49":18,"50":162,"51":18,"52":2,"53":2,"54":2,"55":12,"56":1,"57":1,"58":1,"59":1,"60":9,"61":9,"62":81,"63":1,"64":1,"65":1,"66":1,"67":41,"68":1,"69":40,"70":40,"71":40,"72":1,"73":0,"74":0,"75":0,"76":0,"77":0,"78":0,"79":0,"80":0,"81":0,"82":0,"83":0,"84":0,"85":0,"86":0,"87":0,"88":0,"89":0,"90":0,"91":0,"92":0,"93":0,"94":0,"95":0,"96":0,"97":0,"98":0,"99":0,"100":0,"101":0,"102":0,"103":0,"104":0,"105":0,"106":0,"107":0,"108":0,"109":0,"110":0,"111":0,"112":0,"113":0,"114":0,"115":0,"116":1},"f":{"0":1207,"1":1205,"2":9814,"3":1207,"4":2,"5":2,"6":12,"7":1,"8":0,"9":0,"10":0,"11":0},"b":{"0":[1204,47201],"1":[6537,50239],"2":[1630,18670],"3":[442,12305],"4":[3,1204],"5":[1204,8608],"6":[213,991],"7":[1,40],"8":[0,0],"9":[0,0],"10":[0,0],"11":[0,0],"12":[0,0]},"_coverageSchema":"1a1c01bbd47fc00a2c39e90264f33305004495a9","hash":"a607ba5f67da23ccad326a51b21451eda14294ca"}
}
