TN:
SF:back-end\logic.js
FN:9,findEmptyCell
FN:22,shuffle
FN:30,isSafe
FN:58,solveBoard
FN:79,generateBoardWithSolution
FN:95,copyBoard
FN:96,(anonymous_6)
FN:100,createPuzzle
FN:123,populatePuzzle
FN:146,getCurrentBoard
FN:147,(anonymous_10)
FN:158,checkPuzzle
FNF:12
FNH:8
FNDA:1207,findEmptyCell
FNDA:1205,shuffle
FNDA:9814,isSafe
FNDA:1207,solveBoard
FNDA:2,generateBoardWithSolution
FNDA:2,copyBoard
FNDA:12,(anonymous_6)
FNDA:1,createPuzzle
FNDA:0,populatePuzzle
FNDA:0,getCurrentBoard
FNDA:0,(anonymous_10)
FNDA:0,checkPuzzle
DA:1,1
DA:2,1
DA:3,1
DA:10,1207
DA:11,5789
DA:12,48405
DA:13,1204
DA:18,3
DA:23,1205
DA:24,9712
DA:25,9712
DA:32,9814
DA:33,56776
DA:34,6537
DA:39,3277
DA:40,20300
DA:41,1630
DA:44,1647
DA:45,1647
DA:47,1647
DA:48,4420
DA:49,12747
DA:50,442
DA:54,1205
DA:59,1207
DA:60,1207
DA:61,3
DA:63,1204
DA:64,1204
DA:65,1204
DA:66,1204
DA:67,9812
DA:68,1204
DA:69,1204
DA:70,213
DA:72,991
DA:75,991
DA:80,2
DA:83,2
DA:84,18
DA:85,18
DA:86,162
DA:88,18
DA:90,2
DA:91,2
DA:96,12
DA:101,1
DA:102,1
DA:103,1
DA:104,9
DA:105,81
DA:108,1
DA:109,1
DA:110,1
DA:111,1
DA:112,41
DA:113,1
DA:115,40
DA:116,40
DA:117,40
DA:119,1
DA:124,0
DA:125,0
DA:126,0
DA:127,0
DA:129,0
DA:130,0
DA:131,0
DA:132,0
DA:134,0
DA:135,0
DA:136,0
DA:137,0
DA:139,0
DA:147,0
DA:148,0
DA:149,0
DA:150,0
DA:151,0
DA:154,0
DA:159,0
DA:160,0
DA:162,0
DA:163,0
DA:165,0
DA:166,0
DA:167,0
DA:168,0
DA:169,0
DA:171,0
DA:172,0
DA:173,0
DA:177,0
DA:178,0
DA:179,0
DA:181,0
DA:185,1
LF:97
LH:62
BRDA:12,0,0,1204
BRDA:12,0,1,47201
BRDA:33,1,0,6537
BRDA:33,1,1,50239
BRDA:40,2,0,1630
BRDA:40,2,1,18670
BRDA:49,3,0,442
BRDA:49,3,1,12305
BRDA:60,4,0,3
BRDA:60,4,1,1204
BRDA:67,5,0,1204
BRDA:67,5,1,8608
BRDA:69,6,0,213
BRDA:69,6,1,991
BRDA:112,7,0,1
BRDA:112,7,1,40
BRDA:134,8,0,0
BRDA:134,8,1,0
BRDA:151,9,0,0
BRDA:151,9,1,0
BRDA:168,10,0,0
BRDA:168,10,1,0
BRDA:171,11,0,0
BRDA:171,11,1,0
BRDA:177,12,0,0
BRDA:177,12,1,0
BRF:26
BRH:16
end_of_record
